Arguments: 
  /Users/4paradigm/.nvm/versions/node/v12.14.1/bin/node /usr/local/bin/yarn init

PATH: 
  /Users/4paradigm/.nvm/versions/node/v12.14.1/bin:/Users/4paradigm/.jenv/shims:/Users/4paradigm/software/apache-maven-3.6.3/bin:/usr/local/sbin:/usr/local/bin:/usr/local/bin:/usr/bin:/bin:/usr/sbin:/sbin:/Users/4paradigm/.nvm/versions/node/v12.14.1/bin:/Users/4paradigm/.jenv/shims:/Users/4paradigm/software/apache-maven-3.6.3/bin:/usr/local/sbin

Yarn version: 
  1.22.5

Node version: 
  12.14.1

Platform: 
  darwin x64

Trace: 
  Error: canceled
      at Interface.<anonymous> (/usr/local/lib/node_modules/yarn/lib/cli.js:136216:13)
      at Interface.emit (events.js:223:5)
      at Interface._ttyWrite (readline.js:885:16)
      at ReadStream.onkeypress (readline.js:191:10)
      at ReadStream.emit (events.js:223:5)
      at emitKeys (internal/readline/utils.js:433:14)
      at emitKeys.next (<anonymous>)
      at ReadStream.onData (readline.js:1151:36)
      at ReadStream.emit (events.js:223:5)
      at addChunk (_stream_readable.js:309:12)

npm manifest: 
  No manifest

yarn manifest: 
  No manifest

Lockfile: 
  No lockfile
